<?xml version="1.0" encoding="UTF-8"?>
<!-- Generated by org.testng.reporters.JUnitXMLReporter -->
<testsuite ignored="5" hostname="PU-NB-RSHA2" failures="2" tests="16" name="Test" time="1894.06" errors="0" timestamp="2024-12-11T18:39:23 IST">
  <testcase classname="com.pinsystem.Digital_Campaign_scheduleTestCase" name="digital_campaign" time="110.51"/>
  <testcase classname="com.pinsystem.Digital_Campaign_scheduleTestCase" name="Digital_Schedule" time="235.07"/>
  <testcase classname="com.pinsystem.Digital_Campaign_scheduleTestCase" name="view_line_by_line" time="76.035"/>
  <testcase classname="com.pinsystem.Digital_Campaign_scheduleTestCase" name="viewMOpage" time="3.013"/>
  <testcase classname="com.pinsystem.Create_invoiceAndCreditNote_testCase" name="createInvoice" time="163.919">
    <failure type="java.util.NoSuchElementException">
      <![CDATA[java.util.NoSuchElementException
at java.base/java.util.LinkedHashMap$LinkedHashIterator.nextNode(LinkedHashMap.java:1025)
at java.base/java.util.LinkedHashMap$LinkedKeyIterator.next(LinkedHashMap.java:1046)
at com.pinsystem.utils.WindowHandler.switchToChildWindow(WindowHandler.java:28)
at com.pinsystem.Create_invoiceAndCreditNote_testCase.createInvoice(Create_invoiceAndCreditNote_testCase.java:58)
at java.base/java.util.ArrayList.forEach(ArrayList.java:1596)
... Removed 25 stack frames]]>
    </failure>
  </testcase> <!-- createInvoice -->
  <testcase classname="com.pinsystem.Create_invoiceAndCreditNote_testCase" name="CreditNote" time="0.0">
    <skipped/>
  </testcase> <!-- CreditNote -->
  <testcase classname="com.pinsystem.Mix_mediaSchedule" name="new_Campaign" time="241.614"/>
  <testcase classname="com.pinsystem.Mix_mediaSchedule" name="new_Schedule" time="733.483"/>
  <testcase classname="com.pinsystem.LoginTestCase" name="verify_login_page_withInValid_creds" time="8.166"/>
  <testcase classname="com.pinsystem.LoginTestCase" name="verify_login_page_withOut_username" time="4.323"/>
  <testcase classname="com.pinsystem.LoginTestCase" name="verify_login_page_withValid_creds" time="6.845"/>
  <testcase classname="com.pinsystem.SearchRecords" name="searchSchedule" time="166.986"/>
  <testcase classname="com.pinsystem.NavigateToCampaignMenuTabs" name="NavigationToListCampaignAllTabs" time="40.341">
    <failure type="org.openqa.selenium.StaleElementReferenceException" message="stale element reference: stale element not found in the current frame
  (Session info: chrome=131.0.6778.86)
For documentation on this error, please visit: https://www.selenium.dev/documentation/webdriver/troubleshooting/errors#stale-element-reference-exception
Build info: version: &amp;apos;4.18.1&amp;apos;, revision: &amp;apos;b1d3319b48&amp;apos;
System info: os.name: &amp;apos;Windows 10&amp;apos;, os.arch: &amp;apos;amd64&amp;apos;, os.version: &amp;apos;10.0&amp;apos;, java.version: &amp;apos;21.0.3&amp;apos;
Driver info: org.openqa.selenium.chrome.ChromeDriver
Command: [81f016c36894d692a9e7e83fedb15b55, clickElement {id=f.F31065DDDC2B7FD1052F1FC0750DBA09.d.4FBEF5385C69CAA3D2015F27E00D6A66.e.223}]
Capabilities {acceptInsecureCerts: false, browserName: chrome, browserVersion: 131.0.6778.86, chrome: {chromedriverVersion: 131.0.6778.108 (3b014839fbc..., userDataDir: C:\Users\rasharma\AppData\L...}, fedcm:accounts: true, goog:chromeOptions: {debuggerAddress: localhost:59947}, networkConnectionEnabled: false, pageLoadStrategy: normal, platformName: windows, proxy: Proxy(), se:cdp: ws://localhost:59947/devtoo..., se:cdpVersion: 131.0.6778.86, setWindowRect: true, strictFileInteractability: false, timeouts: {implicit: 0, pageLoad: 300000, script: 30000}, unhandledPromptBehavior: dismiss and notify, webauthn:extension:credBlob: true, webauthn:extension:largeBlob: true, webauthn:extension:minPinLength: true, webauthn:extension:prf: true, webauthn:virtualAuthenticators: true}
Element: [[ChromeDriver: chrome on windows (81f016c36894d692a9e7e83fedb15b55)] -&amp;gt; xpath: //input[@id=&amp;apos;btnCamp0&amp;apos;]]
Session ID: 81f016c36894d692a9e7e83fedb15b55">
      <![CDATA[org.openqa.selenium.StaleElementReferenceException: stale element reference: stale element not found in the current frame
  (Session info: chrome=131.0.6778.86)
For documentation on this error, please visit: https://www.selenium.dev/documentation/webdriver/troubleshooting/errors#stale-element-reference-exception
Build info: version: '4.18.1', revision: 'b1d3319b48'
System info: os.name: 'Windows 10', os.arch: 'amd64', os.version: '10.0', java.version: '21.0.3'
Driver info: org.openqa.selenium.chrome.ChromeDriver
Command: [81f016c36894d692a9e7e83fedb15b55, clickElement {id=f.F31065DDDC2B7FD1052F1FC0750DBA09.d.4FBEF5385C69CAA3D2015F27E00D6A66.e.223}]
Capabilities {acceptInsecureCerts: false, browserName: chrome, browserVersion: 131.0.6778.86, chrome: {chromedriverVersion: 131.0.6778.108 (3b014839fbc..., userDataDir: C:\Users\rasharma\AppData\L...}, fedcm:accounts: true, goog:chromeOptions: {debuggerAddress: localhost:59947}, networkConnectionEnabled: false, pageLoadStrategy: normal, platformName: windows, proxy: Proxy(), se:cdp: ws://localhost:59947/devtoo..., se:cdpVersion: 131.0.6778.86, setWindowRect: true, strictFileInteractability: false, timeouts: {implicit: 0, pageLoad: 300000, script: 30000}, unhandledPromptBehavior: dismiss and notify, webauthn:extension:credBlob: true, webauthn:extension:largeBlob: true, webauthn:extension:minPinLength: true, webauthn:extension:prf: true, webauthn:virtualAuthenticators: true}
Element: [[ChromeDriver: chrome on windows (81f016c36894d692a9e7e83fedb15b55)] -> xpath: //input[@id='btnCamp0']]
Session ID: 81f016c36894d692a9e7e83fedb15b55
at org.openqa.selenium.remote.ErrorCodec.decode(ErrorCodec.java:167)
at org.openqa.selenium.remote.codec.w3c.W3CHttpResponseCodec.decode(W3CHttpResponseCodec.java:138)
at org.openqa.selenium.remote.codec.w3c.W3CHttpResponseCodec.decode(W3CHttpResponseCodec.java:50)
at org.openqa.selenium.remote.HttpCommandExecutor.execute(HttpCommandExecutor.java:190)
at org.openqa.selenium.remote.service.DriverCommandExecutor.invokeExecute(DriverCommandExecutor.java:216)
at org.openqa.selenium.remote.service.DriverCommandExecutor.execute(DriverCommandExecutor.java:174)
at org.openqa.selenium.remote.RemoteWebDriver.execute(RemoteWebDriver.java:519)
at org.openqa.selenium.remote.RemoteWebElement.execute(RemoteWebElement.java:223)
at org.openqa.selenium.remote.RemoteWebElement.click(RemoteWebElement.java:76)
at com.pinsystem.pageObjects.MenuObjects.clickElement(MenuObjects.java:41)
at com.pinsystem.pageObjects.MenuObjects.CampaignPlanningTab(MenuObjects.java:82)
at com.pinsystem.NavigateToCampaignMenuTabs.NavigationToListCampaignAllTabs(NavigateToCampaignMenuTabs.java:26)
at java.base/java.util.ArrayList.forEach(ArrayList.java:1596)
... Removed 28 stack frames]]>
    </failure>
  </testcase> <!-- NavigationToListCampaignAllTabs -->
  <testcase classname="com.pinsystem.NavigateToCampaignMenuTabs" name="navigateToListScheduleTab" time="0.001">
    <skipped/>
  </testcase> <!-- navigateToListScheduleTab -->
  <testcase classname="com.pinsystem.NavigateToCampaignMenuTabs" name="navigateTo_ListMO" time="0.0">
    <skipped/>
  </testcase> <!-- navigateTo_ListMO -->
  <testcase classname="com.pinsystem.NavigateToCampaignMenuTabs" name="navigateTo_ListAA" time="0.0">
    <skipped/>
  </testcase> <!-- navigateTo_ListAA -->
  <testcase classname="com.pinsystem.TestBase" name="@BeforeSuite beforeSuite" time="0.0">
    <ignored/>
  </testcase> <!-- @BeforeSuite beforeSuite -->
  <testcase classname="com.pinsystem.TestBase" name="@BeforeSuite beforeSuite" time="0.0">
    <ignored/>
  </testcase> <!-- @BeforeSuite beforeSuite -->
  <testcase classname="com.pinsystem.TestBase" name="@BeforeSuite beforeSuite" time="0.0">
    <ignored/>
  </testcase> <!-- @BeforeSuite beforeSuite -->
  <testcase classname="com.pinsystem.TestBase" name="@BeforeSuite beforeSuite" time="0.0">
    <ignored/>
  </testcase> <!-- @BeforeSuite beforeSuite -->
  <testcase classname="com.pinsystem.TestBase" name="@BeforeSuite beforeSuite" time="0.0">
    <ignored/>
  </testcase> <!-- @BeforeSuite beforeSuite -->
</testsuite> <!-- Test -->
